<?xml version="1.0" encoding="UTF-8"?>
<!-- Generated by org.testng.reporters.JUnitReportReporter -->
<testsuite hostname="Sachin-MacBook-Air" failures="0" tests="3" name="tests.FileUploadTest" time="24.406" errors="0" timestamp="2026-06-09T18:17:46 IST" skipped="0">
  <testcase classname="tests.FileUploadTest" name="uploadFile_shouldDisplayCorrectFilename" time="8.574"/>
  <testcase classname="tests.FileUploadTest" name="uploadFile_shouldDisplayConfirmationHeader" time="8.048"/>
  <testcase classname="tests.FileUploadTest" name="uploadFile_shouldShowSuccessConfirmation" time="7.784"/>
</testsuite> <!-- tests.FileUploadTest -->
