<?xml version="1.0" encoding="UTF-8"?>
<!-- Generated by org.testng.reporters.JUnitReportReporter -->
<testsuite hostname="Sachin-MacBook-Air" failures="0" tests="6" name="tests.DynamicControlsTest" time="110.687" errors="0" timestamp="2026-06-09T18:22:07 IST" skipped="0">
  <testcase classname="tests.DynamicControlsTest" name="textInputShouldBeDisabledOnLoad" time="6.022"/>
  <testcase classname="tests.DynamicControlsTest" name="clickingRemove_shouldRemoveCheckboxAndShowMessage" time="25.618"/>
  <testcase classname="tests.DynamicControlsTest" name="afterEnable_clickingDisable_shouldDisableTextInput" time="24.253"/>
  <testcase classname="tests.DynamicControlsTest" name="afterRemove_clickingAdd_shouldRestoreCheckbox" time="29.403"/>
  <testcase classname="tests.DynamicControlsTest" name="checkboxShouldBePresentOnLoad" time="7.433"/>
  <testcase classname="tests.DynamicControlsTest" name="clickingEnable_shouldEnableTextInput" time="17.958"/>
</testsuite> <!-- tests.DynamicControlsTest -->
