<?xml version="1.0" encoding="UTF-8"?>
<!-- Generated by org.testng.reporters.JUnitReportReporter -->
<testsuite hostname="Sachin-MacBook-Air" failures="0" tests="5" name="tests.LoginTest" time="52.045" errors="0" timestamp="2026-06-09T17:36:59 IST" skipped="0">
  <testcase classname="tests.LoginTest" name="emptyUsername_shouldShowError" time="7.015"/>
  <testcase classname="tests.LoginTest" name="invalidPassword_shouldShowErrorMessage" time="8.871"/>
  <testcase classname="tests.LoginTest" name="emptyPassword_shouldShowError" time="7.125"/>
  <testcase classname="tests.LoginTest" name="validLogin_shouldRedirectToSecureArea" time="22.306"/>
  <testcase classname="tests.LoginTest" name="invalidUsername_shouldShowErrorMessage" time="6.728"/>
</testsuite> <!-- tests.LoginTest -->
